2018-03-22 8:23:16 - PHP Warning:  rmdir(D:/xampp7/htdocs/ytc_templates/opencartfree/so_ladaz/system/storage/cache/so): Directory not empty in D:\xampp7\htdocs\ytc_templates\opencartfree\so_ladaz\admin\controller\common\developer.php on line 70
2018-03-22 8:23:18 - PHP Warning:  rmdir(D:/xampp7/htdocs/ytc_templates/opencartfree/so_ladaz/system/storage/cache/so): Directory not empty in D:\xampp7\htdocs\ytc_templates\opencartfree\so_ladaz\admin\controller\common\developer.php on line 70
2018-03-22 8:30:34 - PHP Warning:  require_once(D:/xampp7/htdocs/ytc_templates/opencartfree/so_ladaz/system/library/so_social/Facebook/autoload.php): failed to open stream: No such file or directory in D:\xampp7\htdocs\ytc_templates\opencartfree\so_ladaz\system\storage\modification\catalog\controller\common\header.php on line 81
2018-03-22 8:30:36 - PHP Warning:  require_once(D:/xampp7/htdocs/ytc_templates/opencartfree/so_ladaz/system/library/so_social/Facebook/autoload.php): failed to open stream: No such file or directory in D:\xampp7\htdocs\ytc_templates\opencartfree\so_ladaz\system\storage\modification\catalog\controller\common\header.php on line 81
2018-03-22 8:30:37 - PHP Warning:  require_once(D:/xampp7/htdocs/ytc_templates/opencartfree/so_ladaz/system/library/so_social/Facebook/autoload.php): failed to open stream: No such file or directory in D:\xampp7\htdocs\ytc_templates\opencartfree\so_ladaz\system\storage\modification\catalog\controller\common\header.php on line 81
2018-03-22 9:17:16 - PHP Warning:  require_once(D:/xampp7/htdocs/ytc_templates/opencartfree/so_ladaz/system/library/so/html_content/Cache_Lite/Lite.php): failed to open stream: No such file or directory in D:\xampp7\htdocs\ytc_templates\opencartfree\so_ladaz\catalog\controller\extension\module\so_html_content.php on line 17
2018-03-22 9:17:38 - PHP Warning:  require_once(D:/xampp7/htdocs/ytc_templates/opencartfree/so_ladaz/system/library/so/html_content/Cache_Lite/Lite.php): failed to open stream: No such file or directory in D:\xampp7\htdocs\ytc_templates\opencartfree\so_ladaz\catalog\controller\extension\module\so_html_content.php on line 17
2018-03-23 3:44:24 - PHP Warning:  rmdir(D:/xampp7/htdocs/ytc_templates/opencartfree/so_ladaz/system/storage/cache/so): Directory not empty in D:\xampp7\htdocs\ytc_templates\opencartfree\so_ladaz\admin\controller\common\developer.php on line 70
2018-03-23 4:12:47 - PHP Warning:  rmdir(D:/xampp7/htdocs/ytc_templates/opencartfree/so_ladaz/system/storage/cache/so): Directory not empty in D:\xampp7\htdocs\ytc_templates\opencartfree\so_ladaz\admin\controller\common\developer.php on line 70
2018-03-23 4:40:11 - PHP Warning:  rmdir(D:/xampp7/htdocs/ytc_templates/opencartfree/so_ladaz/system/storage/cache/so): Directory not empty in D:\xampp7\htdocs\ytc_templates\opencartfree\so_ladaz\admin\controller\common\developer.php on line 70
2018-03-23 8:01:55 - PHP Warning:  rmdir(D:/xampp7/htdocs/ytc_templates/opencartfree/so_ladaz/system/storage/cache/so): Directory not empty in D:\xampp7\htdocs\ytc_templates\opencartfree\so_ladaz\admin\controller\common\developer.php on line 70
2018-04-03 2:02:34 - PHP Warning:  rmdir(E:/xampp7/htdocs/ytc_templates/opencartfree/so_ladaz/system/storage/cache/so): Directory not empty in E:\xampp7\htdocs\ytc_templates\opencartfree\so_ladaz\admin\controller\common\developer.php on line 70
2018-04-03 3:08:26 - PHP Warning:  rmdir(E:/xampp7/htdocs/ytc_templates/opencartfree/so_ladaz/system/storage/cache/so): Directory not empty in E:\xampp7\htdocs\ytc_templates\opencartfree\so_ladaz\admin\controller\common\developer.php on line 70
2018-04-03 3:23:48 - PHP Warning:  rmdir(E:/xampp7/htdocs/ytc_templates/opencartfree/so_ladaz/system/storage/cache/so): Directory not empty in E:\xampp7\htdocs\ytc_templates\opencartfree\so_ladaz\admin\controller\common\developer.php on line 70
2018-04-03 3:29:39 - PHP Notice:  Undefined variable: result in E:\xampp7\htdocs\ytc_templates\opencartfree\so_ladaz\system\storage\modification\catalog\controller\extension\module\featured.php on line 73
2018-04-03 3:29:39 - PHP Notice:  Undefined variable: result in E:\xampp7\htdocs\ytc_templates\opencartfree\so_ladaz\system\storage\modification\catalog\controller\extension\module\featured.php on line 81
2018-04-03 3:29:39 - PHP Notice:  Undefined variable: result in E:\xampp7\htdocs\ytc_templates\opencartfree\so_ladaz\system\storage\modification\catalog\controller\extension\module\featured.php on line 82
2018-04-03 3:29:39 - PHP Notice:  Undefined variable: result in E:\xampp7\htdocs\ytc_templates\opencartfree\so_ladaz\system\storage\modification\catalog\controller\extension\module\featured.php on line 85
2018-04-03 3:29:39 - PHP Notice:  Undefined variable: result in E:\xampp7\htdocs\ytc_templates\opencartfree\so_ladaz\system\storage\modification\catalog\controller\extension\module\featured.php on line 89
2018-04-03 3:29:39 - PHP Notice:  Undefined variable: result in E:\xampp7\htdocs\ytc_templates\opencartfree\so_ladaz\system\storage\modification\catalog\controller\extension\module\featured.php on line 94
2018-04-03 3:29:39 - PHP Notice:  Undefined variable: result in E:\xampp7\htdocs\ytc_templates\opencartfree\so_ladaz\system\storage\modification\catalog\controller\extension\module\featured.php on line 99
2018-04-03 3:29:39 - PHP Notice:  Undefined variable: result in E:\xampp7\htdocs\ytc_templates\opencartfree\so_ladaz\system\storage\modification\catalog\controller\extension\module\featured.php on line 103
2018-04-03 3:29:39 - PHP Notice:  Undefined variable: result in E:\xampp7\htdocs\ytc_templates\opencartfree\so_ladaz\system\storage\modification\catalog\controller\extension\module\featured.php on line 106
2018-04-03 3:29:39 - PHP Notice:  Undefined variable: result in E:\xampp7\htdocs\ytc_templates\opencartfree\so_ladaz\system\storage\modification\catalog\controller\extension\module\featured.php on line 107
2018-04-03 3:29:39 - PHP Notice:  Undefined variable: result in E:\xampp7\htdocs\ytc_templates\opencartfree\so_ladaz\system\storage\modification\catalog\controller\extension\module\featured.php on line 73
2018-04-03 3:29:39 - PHP Notice:  Undefined variable: result in E:\xampp7\htdocs\ytc_templates\opencartfree\so_ladaz\system\storage\modification\catalog\controller\extension\module\featured.php on line 81
2018-04-03 3:29:39 - PHP Notice:  Undefined variable: result in E:\xampp7\htdocs\ytc_templates\opencartfree\so_ladaz\system\storage\modification\catalog\controller\extension\module\featured.php on line 82
2018-04-03 3:29:39 - PHP Notice:  Undefined variable: result in E:\xampp7\htdocs\ytc_templates\opencartfree\so_ladaz\system\storage\modification\catalog\controller\extension\module\featured.php on line 85
2018-04-03 3:29:39 - PHP Notice:  Undefined variable: result in E:\xampp7\htdocs\ytc_templates\opencartfree\so_ladaz\system\storage\modification\catalog\controller\extension\module\featured.php on line 89
2018-04-03 3:29:39 - PHP Notice:  Undefined variable: result in E:\xampp7\htdocs\ytc_templates\opencartfree\so_ladaz\system\storage\modification\catalog\controller\extension\module\featured.php on line 94
2018-04-03 3:29:39 - PHP Notice:  Undefined variable: result in E:\xampp7\htdocs\ytc_templates\opencartfree\so_ladaz\system\storage\modification\catalog\controller\extension\module\featured.php on line 99
2018-04-03 3:29:39 - PHP Notice:  Undefined variable: result in E:\xampp7\htdocs\ytc_templates\opencartfree\so_ladaz\system\storage\modification\catalog\controller\extension\module\featured.php on line 103
2018-04-03 3:29:39 - PHP Notice:  Undefined variable: result in E:\xampp7\htdocs\ytc_templates\opencartfree\so_ladaz\system\storage\modification\catalog\controller\extension\module\featured.php on line 106
2018-04-03 3:29:39 - PHP Notice:  Undefined variable: result in E:\xampp7\htdocs\ytc_templates\opencartfree\so_ladaz\system\storage\modification\catalog\controller\extension\module\featured.php on line 107
2018-04-03 3:29:39 - PHP Notice:  Undefined variable: result in E:\xampp7\htdocs\ytc_templates\opencartfree\so_ladaz\system\storage\modification\catalog\controller\extension\module\featured.php on line 73
2018-04-03 3:29:39 - PHP Notice:  Undefined variable: result in E:\xampp7\htdocs\ytc_templates\opencartfree\so_ladaz\system\storage\modification\catalog\controller\extension\module\featured.php on line 81
2018-04-03 3:29:39 - PHP Notice:  Undefined variable: result in E:\xampp7\htdocs\ytc_templates\opencartfree\so_ladaz\system\storage\modification\catalog\controller\extension\module\featured.php on line 82
2018-04-03 3:29:39 - PHP Notice:  Undefined variable: result in E:\xampp7\htdocs\ytc_templates\opencartfree\so_ladaz\system\storage\modification\catalog\controller\extension\module\featured.php on line 85
2018-04-03 3:29:39 - PHP Notice:  Undefined variable: result in E:\xampp7\htdocs\ytc_templates\opencartfree\so_ladaz\system\storage\modification\catalog\controller\extension\module\featured.php on line 89
2018-04-03 3:29:39 - PHP Notice:  Undefined variable: result in E:\xampp7\htdocs\ytc_templates\opencartfree\so_ladaz\system\storage\modification\catalog\controller\extension\module\featured.php on line 94
2018-04-03 3:29:39 - PHP Notice:  Undefined variable: result in E:\xampp7\htdocs\ytc_templates\opencartfree\so_ladaz\system\storage\modification\catalog\controller\extension\module\featured.php on line 99
2018-04-03 3:29:39 - PHP Notice:  Undefined variable: result in E:\xampp7\htdocs\ytc_templates\opencartfree\so_ladaz\system\storage\modification\catalog\controller\extension\module\featured.php on line 103
2018-04-03 3:29:39 - PHP Notice:  Undefined variable: result in E:\xampp7\htdocs\ytc_templates\opencartfree\so_ladaz\system\storage\modification\catalog\controller\extension\module\featured.php on line 106
2018-04-03 3:29:39 - PHP Notice:  Undefined variable: result in E:\xampp7\htdocs\ytc_templates\opencartfree\so_ladaz\system\storage\modification\catalog\controller\extension\module\featured.php on line 107
2018-04-03 3:29:39 - PHP Notice:  Undefined variable: result in E:\xampp7\htdocs\ytc_templates\opencartfree\so_ladaz\system\storage\modification\catalog\controller\extension\module\featured.php on line 73
2018-04-03 3:29:39 - PHP Notice:  Undefined variable: result in E:\xampp7\htdocs\ytc_templates\opencartfree\so_ladaz\system\storage\modification\catalog\controller\extension\module\featured.php on line 81
2018-04-03 3:29:39 - PHP Notice:  Undefined variable: result in E:\xampp7\htdocs\ytc_templates\opencartfree\so_ladaz\system\storage\modification\catalog\controller\extension\module\featured.php on line 82
2018-04-03 3:29:39 - PHP Notice:  Undefined variable: result in E:\xampp7\htdocs\ytc_templates\opencartfree\so_ladaz\system\storage\modification\catalog\controller\extension\module\featured.php on line 85
2018-04-03 3:29:39 - PHP Notice:  Undefined variable: result in E:\xampp7\htdocs\ytc_templates\opencartfree\so_ladaz\system\storage\modification\catalog\controller\extension\module\featured.php on line 89
2018-04-03 3:29:39 - PHP Notice:  Undefined variable: result in E:\xampp7\htdocs\ytc_templates\opencartfree\so_ladaz\system\storage\modification\catalog\controller\extension\module\featured.php on line 94
2018-04-03 3:29:39 - PHP Notice:  Undefined variable: result in E:\xampp7\htdocs\ytc_templates\opencartfree\so_ladaz\system\storage\modification\catalog\controller\extension\module\featured.php on line 99
2018-04-03 3:29:39 - PHP Notice:  Undefined variable: result in E:\xampp7\htdocs\ytc_templates\opencartfree\so_ladaz\system\storage\modification\catalog\controller\extension\module\featured.php on line 103
2018-04-03 3:29:39 - PHP Notice:  Undefined variable: result in E:\xampp7\htdocs\ytc_templates\opencartfree\so_ladaz\system\storage\modification\catalog\controller\extension\module\featured.php on line 106
2018-04-03 3:29:39 - PHP Notice:  Undefined variable: result in E:\xampp7\htdocs\ytc_templates\opencartfree\so_ladaz\system\storage\modification\catalog\controller\extension\module\featured.php on line 107
2018-04-03 3:29:39 - PHP Notice:  Undefined variable: result in E:\xampp7\htdocs\ytc_templates\opencartfree\so_ladaz\system\storage\modification\catalog\controller\extension\module\featured.php on line 73
2018-04-03 3:29:39 - PHP Notice:  Undefined variable: result in E:\xampp7\htdocs\ytc_templates\opencartfree\so_ladaz\system\storage\modification\catalog\controller\extension\module\featured.php on line 81
2018-04-03 3:29:39 - PHP Notice:  Undefined variable: result in E:\xampp7\htdocs\ytc_templates\opencartfree\so_ladaz\system\storage\modification\catalog\controller\extension\module\featured.php on line 82
2018-04-03 3:29:39 - PHP Notice:  Undefined variable: result in E:\xampp7\htdocs\ytc_templates\opencartfree\so_ladaz\system\storage\modification\catalog\controller\extension\module\featured.php on line 85
2018-04-03 3:29:39 - PHP Notice:  Undefined variable: result in E:\xampp7\htdocs\ytc_templates\opencartfree\so_ladaz\system\storage\modification\catalog\controller\extension\module\featured.php on line 89
2018-04-03 3:29:39 - PHP Notice:  Undefined variable: result in E:\xampp7\htdocs\ytc_templates\opencartfree\so_ladaz\system\storage\modification\catalog\controller\extension\module\featured.php on line 94
2018-04-03 3:29:39 - PHP Notice:  Undefined variable: result in E:\xampp7\htdocs\ytc_templates\opencartfree\so_ladaz\system\storage\modification\catalog\controller\extension\module\featured.php on line 99
2018-04-03 3:29:39 - PHP Notice:  Undefined variable: result in E:\xampp7\htdocs\ytc_templates\opencartfree\so_ladaz\system\storage\modification\catalog\controller\extension\module\featured.php on line 103
2018-04-03 3:29:39 - PHP Notice:  Undefined variable: result in E:\xampp7\htdocs\ytc_templates\opencartfree\so_ladaz\system\storage\modification\catalog\controller\extension\module\featured.php on line 106
2018-04-03 3:29:39 - PHP Notice:  Undefined variable: result in E:\xampp7\htdocs\ytc_templates\opencartfree\so_ladaz\system\storage\modification\catalog\controller\extension\module\featured.php on line 107
2018-04-03 3:29:39 - PHP Notice:  Undefined variable: result in E:\xampp7\htdocs\ytc_templates\opencartfree\so_ladaz\system\storage\modification\catalog\controller\extension\module\featured.php on line 73
2018-04-03 3:29:39 - PHP Notice:  Undefined variable: result in E:\xampp7\htdocs\ytc_templates\opencartfree\so_ladaz\system\storage\modification\catalog\controller\extension\module\featured.php on line 81
2018-04-03 3:29:39 - PHP Notice:  Undefined variable: result in E:\xampp7\htdocs\ytc_templates\opencartfree\so_ladaz\system\storage\modification\catalog\controller\extension\module\featured.php on line 82
2018-04-03 3:29:39 - PHP Notice:  Undefined variable: result in E:\xampp7\htdocs\ytc_templates\opencartfree\so_ladaz\system\storage\modification\catalog\controller\extension\module\featured.php on line 85
2018-04-03 3:29:39 - PHP Notice:  Undefined variable: result in E:\xampp7\htdocs\ytc_templates\opencartfree\so_ladaz\system\storage\modification\catalog\controller\extension\module\featured.php on line 89
2018-04-03 3:29:39 - PHP Notice:  Undefined variable: result in E:\xampp7\htdocs\ytc_templates\opencartfree\so_ladaz\system\storage\modification\catalog\controller\extension\module\featured.php on line 94
2018-04-03 3:29:39 - PHP Notice:  Undefined variable: result in E:\xampp7\htdocs\ytc_templates\opencartfree\so_ladaz\system\storage\modification\catalog\controller\extension\module\featured.php on line 99
2018-04-03 3:29:39 - PHP Notice:  Undefined variable: result in E:\xampp7\htdocs\ytc_templates\opencartfree\so_ladaz\system\storage\modification\catalog\controller\extension\module\featured.php on line 103
2018-04-03 3:29:39 - PHP Notice:  Undefined variable: result in E:\xampp7\htdocs\ytc_templates\opencartfree\so_ladaz\system\storage\modification\catalog\controller\extension\module\featured.php on line 106
2018-04-03 3:29:39 - PHP Notice:  Undefined variable: result in E:\xampp7\htdocs\ytc_templates\opencartfree\so_ladaz\system\storage\modification\catalog\controller\extension\module\featured.php on line 107
2018-04-03 4:34:55 - PHP Warning:  rmdir(E:/xampp7/htdocs/ytc_templates/opencartfree/so_ladaz/system/storage/cache/so): Directory not empty in E:\xampp7\htdocs\ytc_templates\opencartfree\so_ladaz\admin\controller\common\developer.php on line 70
2018-04-03 7:45:38 - PHP Notice:  Undefined variable: product_info in E:\xampp7\htdocs\ytc_templates\opencartfree\so_ladaz\system\storage\modification\catalog\controller\extension\module\latest.php on line 73
2018-04-03 7:45:38 - PHP Notice:  Undefined variable: product_info in E:\xampp7\htdocs\ytc_templates\opencartfree\so_ladaz\system\storage\modification\catalog\controller\extension\module\latest.php on line 81
2018-04-03 7:45:38 - PHP Notice:  Undefined variable: product_info in E:\xampp7\htdocs\ytc_templates\opencartfree\so_ladaz\system\storage\modification\catalog\controller\extension\module\latest.php on line 82
2018-04-03 7:45:38 - PHP Notice:  Undefined variable: product_info in E:\xampp7\htdocs\ytc_templates\opencartfree\so_ladaz\system\storage\modification\catalog\controller\extension\module\latest.php on line 85
2018-04-03 7:45:38 - PHP Notice:  Undefined variable: product_info in E:\xampp7\htdocs\ytc_templates\opencartfree\so_ladaz\system\storage\modification\catalog\controller\extension\module\latest.php on line 89
2018-04-03 7:45:38 - PHP Notice:  Undefined variable: product_info in E:\xampp7\htdocs\ytc_templates\opencartfree\so_ladaz\system\storage\modification\catalog\controller\extension\module\latest.php on line 94
2018-04-03 7:45:38 - PHP Notice:  Undefined variable: product_info in E:\xampp7\htdocs\ytc_templates\opencartfree\so_ladaz\system\storage\modification\catalog\controller\extension\module\latest.php on line 99
2018-04-03 7:45:38 - PHP Notice:  Undefined variable: product_info in E:\xampp7\htdocs\ytc_templates\opencartfree\so_ladaz\system\storage\modification\catalog\controller\extension\module\latest.php on line 103
2018-04-03 7:45:38 - PHP Notice:  Undefined variable: product_info in E:\xampp7\htdocs\ytc_templates\opencartfree\so_ladaz\system\storage\modification\catalog\controller\extension\module\latest.php on line 106
2018-04-03 7:45:38 - PHP Notice:  Undefined variable: product_info in E:\xampp7\htdocs\ytc_templates\opencartfree\so_ladaz\system\storage\modification\catalog\controller\extension\module\latest.php on line 107
2018-04-03 7:45:38 - PHP Notice:  Undefined variable: product_info in E:\xampp7\htdocs\ytc_templates\opencartfree\so_ladaz\system\storage\modification\catalog\controller\extension\module\latest.php on line 73
2018-04-03 7:45:38 - PHP Notice:  Undefined variable: product_info in E:\xampp7\htdocs\ytc_templates\opencartfree\so_ladaz\system\storage\modification\catalog\controller\extension\module\latest.php on line 81
2018-04-03 7:45:38 - PHP Notice:  Undefined variable: product_info in E:\xampp7\htdocs\ytc_templates\opencartfree\so_ladaz\system\storage\modification\catalog\controller\extension\module\latest.php on line 82
2018-04-03 7:45:38 - PHP Notice:  Undefined variable: product_info in E:\xampp7\htdocs\ytc_templates\opencartfree\so_ladaz\system\storage\modification\catalog\controller\extension\module\latest.php on line 85
2018-04-03 7:45:38 - PHP Notice:  Undefined variable: product_info in E:\xampp7\htdocs\ytc_templates\opencartfree\so_ladaz\system\storage\modification\catalog\controller\extension\module\latest.php on line 89
2018-04-03 7:45:38 - PHP Notice:  Undefined variable: product_info in E:\xampp7\htdocs\ytc_templates\opencartfree\so_ladaz\system\storage\modification\catalog\controller\extension\module\latest.php on line 94
2018-04-03 7:45:38 - PHP Notice:  Undefined variable: product_info in E:\xampp7\htdocs\ytc_templates\opencartfree\so_ladaz\system\storage\modification\catalog\controller\extension\module\latest.php on line 99
2018-04-03 7:45:38 - PHP Notice:  Undefined variable: product_info in E:\xampp7\htdocs\ytc_templates\opencartfree\so_ladaz\system\storage\modification\catalog\controller\extension\module\latest.php on line 103
2018-04-03 7:45:38 - PHP Notice:  Undefined variable: product_info in E:\xampp7\htdocs\ytc_templates\opencartfree\so_ladaz\system\storage\modification\catalog\controller\extension\module\latest.php on line 106
2018-04-03 7:45:38 - PHP Notice:  Undefined variable: product_info in E:\xampp7\htdocs\ytc_templates\opencartfree\so_ladaz\system\storage\modification\catalog\controller\extension\module\latest.php on line 107
2018-04-03 7:45:38 - PHP Notice:  Undefined variable: product_info in E:\xampp7\htdocs\ytc_templates\opencartfree\so_ladaz\system\storage\modification\catalog\controller\extension\module\latest.php on line 73
2018-04-03 7:45:38 - PHP Notice:  Undefined variable: product_info in E:\xampp7\htdocs\ytc_templates\opencartfree\so_ladaz\system\storage\modification\catalog\controller\extension\module\latest.php on line 81
2018-04-03 7:45:38 - PHP Notice:  Undefined variable: product_info in E:\xampp7\htdocs\ytc_templates\opencartfree\so_ladaz\system\storage\modification\catalog\controller\extension\module\latest.php on line 82
2018-04-03 7:45:38 - PHP Notice:  Undefined variable: product_info in E:\xampp7\htdocs\ytc_templates\opencartfree\so_ladaz\system\storage\modification\catalog\controller\extension\module\latest.php on line 85
2018-04-03 7:45:38 - PHP Notice:  Undefined variable: product_info in E:\xampp7\htdocs\ytc_templates\opencartfree\so_ladaz\system\storage\modification\catalog\controller\extension\module\latest.php on line 89
2018-04-03 7:45:38 - PHP Notice:  Undefined variable: product_info in E:\xampp7\htdocs\ytc_templates\opencartfree\so_ladaz\system\storage\modification\catalog\controller\extension\module\latest.php on line 94
2018-04-03 7:45:38 - PHP Notice:  Undefined variable: product_info in E:\xampp7\htdocs\ytc_templates\opencartfree\so_ladaz\system\storage\modification\catalog\controller\extension\module\latest.php on line 99
2018-04-03 7:45:38 - PHP Notice:  Undefined variable: product_info in E:\xampp7\htdocs\ytc_templates\opencartfree\so_ladaz\system\storage\modification\catalog\controller\extension\module\latest.php on line 103
2018-04-03 7:45:38 - PHP Notice:  Undefined variable: product_info in E:\xampp7\htdocs\ytc_templates\opencartfree\so_ladaz\system\storage\modification\catalog\controller\extension\module\latest.php on line 106
2018-04-03 7:45:38 - PHP Notice:  Undefined variable: product_info in E:\xampp7\htdocs\ytc_templates\opencartfree\so_ladaz\system\storage\modification\catalog\controller\extension\module\latest.php on line 107
2018-04-03 7:45:38 - PHP Notice:  Undefined variable: product_info in E:\xampp7\htdocs\ytc_templates\opencartfree\so_ladaz\system\storage\modification\catalog\controller\extension\module\latest.php on line 73
2018-04-03 7:45:38 - PHP Notice:  Undefined variable: product_info in E:\xampp7\htdocs\ytc_templates\opencartfree\so_ladaz\system\storage\modification\catalog\controller\extension\module\latest.php on line 81
2018-04-03 7:45:38 - PHP Notice:  Undefined variable: product_info in E:\xampp7\htdocs\ytc_templates\opencartfree\so_ladaz\system\storage\modification\catalog\controller\extension\module\latest.php on line 82
2018-04-03 7:45:38 - PHP Notice:  Undefined variable: product_info in E:\xampp7\htdocs\ytc_templates\opencartfree\so_ladaz\system\storage\modification\catalog\controller\extension\module\latest.php on line 85
2018-04-03 7:45:38 - PHP Notice:  Undefined variable: product_info in E:\xampp7\htdocs\ytc_templates\opencartfree\so_ladaz\system\storage\modification\catalog\controller\extension\module\latest.php on line 89
2018-04-03 7:45:38 - PHP Notice:  Undefined variable: product_info in E:\xampp7\htdocs\ytc_templates\opencartfree\so_ladaz\system\storage\modification\catalog\controller\extension\module\latest.php on line 94
2018-04-03 7:45:38 - PHP Notice:  Undefined variable: product_info in E:\xampp7\htdocs\ytc_templates\opencartfree\so_ladaz\system\storage\modification\catalog\controller\extension\module\latest.php on line 99
2018-04-03 7:45:38 - PHP Notice:  Undefined variable: product_info in E:\xampp7\htdocs\ytc_templates\opencartfree\so_ladaz\system\storage\modification\catalog\controller\extension\module\latest.php on line 103
2018-04-03 7:45:38 - PHP Notice:  Undefined variable: product_info in E:\xampp7\htdocs\ytc_templates\opencartfree\so_ladaz\system\storage\modification\catalog\controller\extension\module\latest.php on line 106
2018-04-03 7:45:38 - PHP Notice:  Undefined variable: product_info in E:\xampp7\htdocs\ytc_templates\opencartfree\so_ladaz\system\storage\modification\catalog\controller\extension\module\latest.php on line 107
2018-04-03 7:45:38 - PHP Notice:  Undefined variable: product_info in E:\xampp7\htdocs\ytc_templates\opencartfree\so_ladaz\system\storage\modification\catalog\controller\extension\module\latest.php on line 73
2018-04-03 7:45:38 - PHP Notice:  Undefined variable: product_info in E:\xampp7\htdocs\ytc_templates\opencartfree\so_ladaz\system\storage\modification\catalog\controller\extension\module\latest.php on line 81
2018-04-03 7:45:38 - PHP Notice:  Undefined variable: product_info in E:\xampp7\htdocs\ytc_templates\opencartfree\so_ladaz\system\storage\modification\catalog\controller\extension\module\latest.php on line 82
2018-04-03 7:45:38 - PHP Notice:  Undefined variable: product_info in E:\xampp7\htdocs\ytc_templates\opencartfree\so_ladaz\system\storage\modification\catalog\controller\extension\module\latest.php on line 85
2018-04-03 7:45:38 - PHP Notice:  Undefined variable: product_info in E:\xampp7\htdocs\ytc_templates\opencartfree\so_ladaz\system\storage\modification\catalog\controller\extension\module\latest.php on line 89
2018-04-03 7:45:38 - PHP Notice:  Undefined variable: product_info in E:\xampp7\htdocs\ytc_templates\opencartfree\so_ladaz\system\storage\modification\catalog\controller\extension\module\latest.php on line 94
2018-04-03 7:45:38 - PHP Notice:  Undefined variable: product_info in E:\xampp7\htdocs\ytc_templates\opencartfree\so_ladaz\system\storage\modification\catalog\controller\extension\module\latest.php on line 99
2018-04-03 7:45:38 - PHP Notice:  Undefined variable: product_info in E:\xampp7\htdocs\ytc_templates\opencartfree\so_ladaz\system\storage\modification\catalog\controller\extension\module\latest.php on line 103
2018-04-03 7:45:38 - PHP Notice:  Undefined variable: product_info in E:\xampp7\htdocs\ytc_templates\opencartfree\so_ladaz\system\storage\modification\catalog\controller\extension\module\latest.php on line 106
2018-04-03 7:45:38 - PHP Notice:  Undefined variable: product_info in E:\xampp7\htdocs\ytc_templates\opencartfree\so_ladaz\system\storage\modification\catalog\controller\extension\module\latest.php on line 107
2018-04-03 7:45:38 - PHP Notice:  Undefined variable: product_info in E:\xampp7\htdocs\ytc_templates\opencartfree\so_ladaz\system\storage\modification\catalog\controller\extension\module\latest.php on line 73
2018-04-03 7:45:38 - PHP Notice:  Undefined variable: product_info in E:\xampp7\htdocs\ytc_templates\opencartfree\so_ladaz\system\storage\modification\catalog\controller\extension\module\latest.php on line 81
2018-04-03 7:45:38 - PHP Notice:  Undefined variable: product_info in E:\xampp7\htdocs\ytc_templates\opencartfree\so_ladaz\system\storage\modification\catalog\controller\extension\module\latest.php on line 82
2018-04-03 7:45:38 - PHP Notice:  Undefined variable: product_info in E:\xampp7\htdocs\ytc_templates\opencartfree\so_ladaz\system\storage\modification\catalog\controller\extension\module\latest.php on line 85
2018-04-03 7:45:38 - PHP Notice:  Undefined variable: product_info in E:\xampp7\htdocs\ytc_templates\opencartfree\so_ladaz\system\storage\modification\catalog\controller\extension\module\latest.php on line 89
2018-04-03 7:45:38 - PHP Notice:  Undefined variable: product_info in E:\xampp7\htdocs\ytc_templates\opencartfree\so_ladaz\system\storage\modification\catalog\controller\extension\module\latest.php on line 94
2018-04-03 7:45:38 - PHP Notice:  Undefined variable: product_info in E:\xampp7\htdocs\ytc_templates\opencartfree\so_ladaz\system\storage\modification\catalog\controller\extension\module\latest.php on line 99
2018-04-03 7:45:38 - PHP Notice:  Undefined variable: product_info in E:\xampp7\htdocs\ytc_templates\opencartfree\so_ladaz\system\storage\modification\catalog\controller\extension\module\latest.php on line 103
2018-04-03 7:45:38 - PHP Notice:  Undefined variable: product_info in E:\xampp7\htdocs\ytc_templates\opencartfree\so_ladaz\system\storage\modification\catalog\controller\extension\module\latest.php on line 106
2018-04-03 7:45:38 - PHP Notice:  Undefined variable: product_info in E:\xampp7\htdocs\ytc_templates\opencartfree\so_ladaz\system\storage\modification\catalog\controller\extension\module\latest.php on line 107
2018-04-03 7:45:38 - PHP Notice:  Undefined variable: product_info in E:\xampp7\htdocs\ytc_templates\opencartfree\so_ladaz\system\storage\modification\catalog\controller\extension\module\latest.php on line 73
2018-04-03 7:45:38 - PHP Notice:  Undefined variable: product_info in E:\xampp7\htdocs\ytc_templates\opencartfree\so_ladaz\system\storage\modification\catalog\controller\extension\module\latest.php on line 81
2018-04-03 7:45:38 - PHP Notice:  Undefined variable: product_info in E:\xampp7\htdocs\ytc_templates\opencartfree\so_ladaz\system\storage\modification\catalog\controller\extension\module\latest.php on line 82
2018-04-03 7:45:38 - PHP Notice:  Undefined variable: product_info in E:\xampp7\htdocs\ytc_templates\opencartfree\so_ladaz\system\storage\modification\catalog\controller\extension\module\latest.php on line 85
2018-04-03 7:45:38 - PHP Notice:  Undefined variable: product_info in E:\xampp7\htdocs\ytc_templates\opencartfree\so_ladaz\system\storage\modification\catalog\controller\extension\module\latest.php on line 89
2018-04-03 7:45:38 - PHP Notice:  Undefined variable: product_info in E:\xampp7\htdocs\ytc_templates\opencartfree\so_ladaz\system\storage\modification\catalog\controller\extension\module\latest.php on line 94
2018-04-03 7:45:38 - PHP Notice:  Undefined variable: product_info in E:\xampp7\htdocs\ytc_templates\opencartfree\so_ladaz\system\storage\modification\catalog\controller\extension\module\latest.php on line 99
2018-04-03 7:45:38 - PHP Notice:  Undefined variable: product_info in E:\xampp7\htdocs\ytc_templates\opencartfree\so_ladaz\system\storage\modification\catalog\controller\extension\module\latest.php on line 103
2018-04-03 7:45:38 - PHP Notice:  Undefined variable: product_info in E:\xampp7\htdocs\ytc_templates\opencartfree\so_ladaz\system\storage\modification\catalog\controller\extension\module\latest.php on line 106
2018-04-03 7:45:38 - PHP Notice:  Undefined variable: product_info in E:\xampp7\htdocs\ytc_templates\opencartfree\so_ladaz\system\storage\modification\catalog\controller\extension\module\latest.php on line 107
2018-04-03 7:45:38 - PHP Notice:  Undefined variable: product_info in E:\xampp7\htdocs\ytc_templates\opencartfree\so_ladaz\system\storage\modification\catalog\controller\extension\module\latest.php on line 73
2018-04-03 7:45:38 - PHP Notice:  Undefined variable: product_info in E:\xampp7\htdocs\ytc_templates\opencartfree\so_ladaz\system\storage\modification\catalog\controller\extension\module\latest.php on line 81
2018-04-03 7:45:38 - PHP Notice:  Undefined variable: product_info in E:\xampp7\htdocs\ytc_templates\opencartfree\so_ladaz\system\storage\modification\catalog\controller\extension\module\latest.php on line 82
2018-04-03 7:45:38 - PHP Notice:  Undefined variable: product_info in E:\xampp7\htdocs\ytc_templates\opencartfree\so_ladaz\system\storage\modification\catalog\controller\extension\module\latest.php on line 85
2018-04-03 7:45:38 - PHP Notice:  Undefined variable: product_info in E:\xampp7\htdocs\ytc_templates\opencartfree\so_ladaz\system\storage\modification\catalog\controller\extension\module\latest.php on line 89
2018-04-03 7:45:38 - PHP Notice:  Undefined variable: product_info in E:\xampp7\htdocs\ytc_templates\opencartfree\so_ladaz\system\storage\modification\catalog\controller\extension\module\latest.php on line 94
2018-04-03 7:45:38 - PHP Notice:  Undefined variable: product_info in E:\xampp7\htdocs\ytc_templates\opencartfree\so_ladaz\system\storage\modification\catalog\controller\extension\module\latest.php on line 99
2018-04-03 7:45:38 - PHP Notice:  Undefined variable: product_info in E:\xampp7\htdocs\ytc_templates\opencartfree\so_ladaz\system\storage\modification\catalog\controller\extension\module\latest.php on line 103
2018-04-03 7:45:38 - PHP Notice:  Undefined variable: product_info in E:\xampp7\htdocs\ytc_templates\opencartfree\so_ladaz\system\storage\modification\catalog\controller\extension\module\latest.php on line 106
2018-04-03 7:45:38 - PHP Notice:  Undefined variable: product_info in E:\xampp7\htdocs\ytc_templates\opencartfree\so_ladaz\system\storage\modification\catalog\controller\extension\module\latest.php on line 107
2018-04-03 7:45:45 - PHP Notice:  Undefined variable: product_info in E:\xampp7\htdocs\ytc_templates\opencartfree\so_ladaz\system\storage\modification\catalog\controller\extension\module\latest.php on line 73
2018-04-03 7:45:45 - PHP Notice:  Undefined variable: product_info in E:\xampp7\htdocs\ytc_templates\opencartfree\so_ladaz\system\storage\modification\catalog\controller\extension\module\latest.php on line 81
2018-04-03 7:45:45 - PHP Notice:  Undefined variable: product_info in E:\xampp7\htdocs\ytc_templates\opencartfree\so_ladaz\system\storage\modification\catalog\controller\extension\module\latest.php on line 82
2018-04-03 7:45:45 - PHP Notice:  Undefined variable: product_info in E:\xampp7\htdocs\ytc_templates\opencartfree\so_ladaz\system\storage\modification\catalog\controller\extension\module\latest.php on line 85
2018-04-03 7:45:45 - PHP Notice:  Undefined variable: product_info in E:\xampp7\htdocs\ytc_templates\opencartfree\so_ladaz\system\storage\modification\catalog\controller\extension\module\latest.php on line 89
2018-04-03 7:45:45 - PHP Notice:  Undefined variable: product_info in E:\xampp7\htdocs\ytc_templates\opencartfree\so_ladaz\system\storage\modification\catalog\controller\extension\module\latest.php on line 94
2018-04-03 7:45:45 - PHP Notice:  Undefined variable: product_info in E:\xampp7\htdocs\ytc_templates\opencartfree\so_ladaz\system\storage\modification\catalog\controller\extension\module\latest.php on line 99
2018-04-03 7:45:45 - PHP Notice:  Undefined variable: product_info in E:\xampp7\htdocs\ytc_templates\opencartfree\so_ladaz\system\storage\modification\catalog\controller\extension\module\latest.php on line 103
2018-04-03 7:45:45 - PHP Notice:  Undefined variable: product_info in E:\xampp7\htdocs\ytc_templates\opencartfree\so_ladaz\system\storage\modification\catalog\controller\extension\module\latest.php on line 106
2018-04-03 7:45:45 - PHP Notice:  Undefined variable: product_info in E:\xampp7\htdocs\ytc_templates\opencartfree\so_ladaz\system\storage\modification\catalog\controller\extension\module\latest.php on line 107
2018-04-03 7:45:45 - PHP Notice:  Undefined variable: product_info in E:\xampp7\htdocs\ytc_templates\opencartfree\so_ladaz\system\storage\modification\catalog\controller\extension\module\latest.php on line 73
2018-04-03 7:45:45 - PHP Notice:  Undefined variable: product_info in E:\xampp7\htdocs\ytc_templates\opencartfree\so_ladaz\system\storage\modification\catalog\controller\extension\module\latest.php on line 81
2018-04-03 7:45:45 - PHP Notice:  Undefined variable: product_info in E:\xampp7\htdocs\ytc_templates\opencartfree\so_ladaz\system\storage\modification\catalog\controller\extension\module\latest.php on line 82
2018-04-03 7:45:45 - PHP Notice:  Undefined variable: product_info in E:\xampp7\htdocs\ytc_templates\opencartfree\so_ladaz\system\storage\modification\catalog\controller\extension\module\latest.php on line 85
2018-04-03 7:45:45 - PHP Notice:  Undefined variable: product_info in E:\xampp7\htdocs\ytc_templates\opencartfree\so_ladaz\system\storage\modification\catalog\controller\extension\module\latest.php on line 89
2018-04-03 7:45:45 - PHP Notice:  Undefined variable: product_info in E:\xampp7\htdocs\ytc_templates\opencartfree\so_ladaz\system\storage\modification\catalog\controller\extension\module\latest.php on line 94
2018-04-03 7:45:45 - PHP Notice:  Undefined variable: product_info in E:\xampp7\htdocs\ytc_templates\opencartfree\so_ladaz\system\storage\modification\catalog\controller\extension\module\latest.php on line 99
2018-04-03 7:45:45 - PHP Notice:  Undefined variable: product_info in E:\xampp7\htdocs\ytc_templates\opencartfree\so_ladaz\system\storage\modification\catalog\controller\extension\module\latest.php on line 103
2018-04-03 7:45:45 - PHP Notice:  Undefined variable: product_info in E:\xampp7\htdocs\ytc_templates\opencartfree\so_ladaz\system\storage\modification\catalog\controller\extension\module\latest.php on line 106
2018-04-03 7:45:45 - PHP Notice:  Undefined variable: product_info in E:\xampp7\htdocs\ytc_templates\opencartfree\so_ladaz\system\storage\modification\catalog\controller\extension\module\latest.php on line 107
2018-04-03 7:45:45 - PHP Notice:  Undefined variable: product_info in E:\xampp7\htdocs\ytc_templates\opencartfree\so_ladaz\system\storage\modification\catalog\controller\extension\module\latest.php on line 73
2018-04-03 7:45:45 - PHP Notice:  Undefined variable: product_info in E:\xampp7\htdocs\ytc_templates\opencartfree\so_ladaz\system\storage\modification\catalog\controller\extension\module\latest.php on line 81
2018-04-03 7:45:45 - PHP Notice:  Undefined variable: product_info in E:\xampp7\htdocs\ytc_templates\opencartfree\so_ladaz\system\storage\modification\catalog\controller\extension\module\latest.php on line 82
2018-04-03 7:45:45 - PHP Notice:  Undefined variable: product_info in E:\xampp7\htdocs\ytc_templates\opencartfree\so_ladaz\system\storage\modification\catalog\controller\extension\module\latest.php on line 85
2018-04-03 7:45:45 - PHP Notice:  Undefined variable: product_info in E:\xampp7\htdocs\ytc_templates\opencartfree\so_ladaz\system\storage\modification\catalog\controller\extension\module\latest.php on line 89
2018-04-03 7:45:45 - PHP Notice:  Undefined variable: product_info in E:\xampp7\htdocs\ytc_templates\opencartfree\so_ladaz\system\storage\modification\catalog\controller\extension\module\latest.php on line 94
2018-04-03 7:45:45 - PHP Notice:  Undefined variable: product_info in E:\xampp7\htdocs\ytc_templates\opencartfree\so_ladaz\system\storage\modification\catalog\controller\extension\module\latest.php on line 99
2018-04-03 7:45:45 - PHP Notice:  Undefined variable: product_info in E:\xampp7\htdocs\ytc_templates\opencartfree\so_ladaz\system\storage\modification\catalog\controller\extension\module\latest.php on line 103
2018-04-03 7:45:45 - PHP Notice:  Undefined variable: product_info in E:\xampp7\htdocs\ytc_templates\opencartfree\so_ladaz\system\storage\modification\catalog\controller\extension\module\latest.php on line 106
2018-04-03 7:45:45 - PHP Notice:  Undefined variable: product_info in E:\xampp7\htdocs\ytc_templates\opencartfree\so_ladaz\system\storage\modification\catalog\controller\extension\module\latest.php on line 107
2018-04-03 7:45:45 - PHP Notice:  Undefined variable: product_info in E:\xampp7\htdocs\ytc_templates\opencartfree\so_ladaz\system\storage\modification\catalog\controller\extension\module\latest.php on line 73
2018-04-03 7:45:45 - PHP Notice:  Undefined variable: product_info in E:\xampp7\htdocs\ytc_templates\opencartfree\so_ladaz\system\storage\modification\catalog\controller\extension\module\latest.php on line 81
2018-04-03 7:45:45 - PHP Notice:  Undefined variable: product_info in E:\xampp7\htdocs\ytc_templates\opencartfree\so_ladaz\system\storage\modification\catalog\controller\extension\module\latest.php on line 82
2018-04-03 7:45:45 - PHP Notice:  Undefined variable: product_info in E:\xampp7\htdocs\ytc_templates\opencartfree\so_ladaz\system\storage\modification\catalog\controller\extension\module\latest.php on line 85
2018-04-03 7:45:45 - PHP Notice:  Undefined variable: product_info in E:\xampp7\htdocs\ytc_templates\opencartfree\so_ladaz\system\storage\modification\catalog\controller\extension\module\latest.php on line 89
2018-04-03 7:45:45 - PHP Notice:  Undefined variable: product_info in E:\xampp7\htdocs\ytc_templates\opencartfree\so_ladaz\system\storage\modification\catalog\controller\extension\module\latest.php on line 94
2018-04-03 7:45:45 - PHP Notice:  Undefined variable: product_info in E:\xampp7\htdocs\ytc_templates\opencartfree\so_ladaz\system\storage\modification\catalog\controller\extension\module\latest.php on line 99
2018-04-03 7:45:45 - PHP Notice:  Undefined variable: product_info in E:\xampp7\htdocs\ytc_templates\opencartfree\so_ladaz\system\storage\modification\catalog\controller\extension\module\latest.php on line 103
2018-04-03 7:45:45 - PHP Notice:  Undefined variable: product_info in E:\xampp7\htdocs\ytc_templates\opencartfree\so_ladaz\system\storage\modification\catalog\controller\extension\module\latest.php on line 106
2018-04-03 7:45:45 - PHP Notice:  Undefined variable: product_info in E:\xampp7\htdocs\ytc_templates\opencartfree\so_ladaz\system\storage\modification\catalog\controller\extension\module\latest.php on line 107
2018-04-03 7:45:45 - PHP Notice:  Undefined variable: product_info in E:\xampp7\htdocs\ytc_templates\opencartfree\so_ladaz\system\storage\modification\catalog\controller\extension\module\latest.php on line 73
2018-04-03 7:45:45 - PHP Notice:  Undefined variable: product_info in E:\xampp7\htdocs\ytc_templates\opencartfree\so_ladaz\system\storage\modification\catalog\controller\extension\module\latest.php on line 81
2018-04-03 7:45:45 - PHP Notice:  Undefined variable: product_info in E:\xampp7\htdocs\ytc_templates\opencartfree\so_ladaz\system\storage\modification\catalog\controller\extension\module\latest.php on line 82
2018-04-03 7:45:45 - PHP Notice:  Undefined variable: product_info in E:\xampp7\htdocs\ytc_templates\opencartfree\so_ladaz\system\storage\modification\catalog\controller\extension\module\latest.php on line 85
2018-04-03 7:45:45 - PHP Notice:  Undefined variable: product_info in E:\xampp7\htdocs\ytc_templates\opencartfree\so_ladaz\system\storage\modification\catalog\controller\extension\module\latest.php on line 89
2018-04-03 7:45:45 - PHP Notice:  Undefined variable: product_info in E:\xampp7\htdocs\ytc_templates\opencartfree\so_ladaz\system\storage\modification\catalog\controller\extension\module\latest.php on line 94
2018-04-03 7:45:45 - PHP Notice:  Undefined variable: product_info in E:\xampp7\htdocs\ytc_templates\opencartfree\so_ladaz\system\storage\modification\catalog\controller\extension\module\latest.php on line 99
2018-04-03 7:45:45 - PHP Notice:  Undefined variable: product_info in E:\xampp7\htdocs\ytc_templates\opencartfree\so_ladaz\system\storage\modification\catalog\controller\extension\module\latest.php on line 103
2018-04-03 7:45:45 - PHP Notice:  Undefined variable: product_info in E:\xampp7\htdocs\ytc_templates\opencartfree\so_ladaz\system\storage\modification\catalog\controller\extension\module\latest.php on line 106
2018-04-03 7:45:45 - PHP Notice:  Undefined variable: product_info in E:\xampp7\htdocs\ytc_templates\opencartfree\so_ladaz\system\storage\modification\catalog\controller\extension\module\latest.php on line 107
2018-04-03 7:45:45 - PHP Notice:  Undefined variable: product_info in E:\xampp7\htdocs\ytc_templates\opencartfree\so_ladaz\system\storage\modification\catalog\controller\extension\module\latest.php on line 73
2018-04-03 7:45:45 - PHP Notice:  Undefined variable: product_info in E:\xampp7\htdocs\ytc_templates\opencartfree\so_ladaz\system\storage\modification\catalog\controller\extension\module\latest.php on line 81
2018-04-03 7:45:45 - PHP Notice:  Undefined variable: product_info in E:\xampp7\htdocs\ytc_templates\opencartfree\so_ladaz\system\storage\modification\catalog\controller\extension\module\latest.php on line 82
2018-04-03 7:45:45 - PHP Notice:  Undefined variable: product_info in E:\xampp7\htdocs\ytc_templates\opencartfree\so_ladaz\system\storage\modification\catalog\controller\extension\module\latest.php on line 85
2018-04-03 7:45:45 - PHP Notice:  Undefined variable: product_info in E:\xampp7\htdocs\ytc_templates\opencartfree\so_ladaz\system\storage\modification\catalog\controller\extension\module\latest.php on line 89
2018-04-03 7:45:45 - PHP Notice:  Undefined variable: product_info in E:\xampp7\htdocs\ytc_templates\opencartfree\so_ladaz\system\storage\modification\catalog\controller\extension\module\latest.php on line 94
2018-04-03 7:45:45 - PHP Notice:  Undefined variable: product_info in E:\xampp7\htdocs\ytc_templates\opencartfree\so_ladaz\system\storage\modification\catalog\controller\extension\module\latest.php on line 99
2018-04-03 7:45:45 - PHP Notice:  Undefined variable: product_info in E:\xampp7\htdocs\ytc_templates\opencartfree\so_ladaz\system\storage\modification\catalog\controller\extension\module\latest.php on line 103
2018-04-03 7:45:45 - PHP Notice:  Undefined variable: product_info in E:\xampp7\htdocs\ytc_templates\opencartfree\so_ladaz\system\storage\modification\catalog\controller\extension\module\latest.php on line 106
2018-04-03 7:45:45 - PHP Notice:  Undefined variable: product_info in E:\xampp7\htdocs\ytc_templates\opencartfree\so_ladaz\system\storage\modification\catalog\controller\extension\module\latest.php on line 107
2018-04-03 7:45:45 - PHP Notice:  Undefined variable: product_info in E:\xampp7\htdocs\ytc_templates\opencartfree\so_ladaz\system\storage\modification\catalog\controller\extension\module\latest.php on line 73
2018-04-03 7:45:45 - PHP Notice:  Undefined variable: product_info in E:\xampp7\htdocs\ytc_templates\opencartfree\so_ladaz\system\storage\modification\catalog\controller\extension\module\latest.php on line 81
2018-04-03 7:45:45 - PHP Notice:  Undefined variable: product_info in E:\xampp7\htdocs\ytc_templates\opencartfree\so_ladaz\system\storage\modification\catalog\controller\extension\module\latest.php on line 82
2018-04-03 7:45:45 - PHP Notice:  Undefined variable: product_info in E:\xampp7\htdocs\ytc_templates\opencartfree\so_ladaz\system\storage\modification\catalog\controller\extension\module\latest.php on line 85
2018-04-03 7:45:45 - PHP Notice:  Undefined variable: product_info in E:\xampp7\htdocs\ytc_templates\opencartfree\so_ladaz\system\storage\modification\catalog\controller\extension\module\latest.php on line 89
2018-04-03 7:45:45 - PHP Notice:  Undefined variable: product_info in E:\xampp7\htdocs\ytc_templates\opencartfree\so_ladaz\system\storage\modification\catalog\controller\extension\module\latest.php on line 94
2018-04-03 7:45:45 - PHP Notice:  Undefined variable: product_info in E:\xampp7\htdocs\ytc_templates\opencartfree\so_ladaz\system\storage\modification\catalog\controller\extension\module\latest.php on line 99
2018-04-03 7:45:45 - PHP Notice:  Undefined variable: product_info in E:\xampp7\htdocs\ytc_templates\opencartfree\so_ladaz\system\storage\modification\catalog\controller\extension\module\latest.php on line 103
2018-04-03 7:45:45 - PHP Notice:  Undefined variable: product_info in E:\xampp7\htdocs\ytc_templates\opencartfree\so_ladaz\system\storage\modification\catalog\controller\extension\module\latest.php on line 106
2018-04-03 7:45:45 - PHP Notice:  Undefined variable: product_info in E:\xampp7\htdocs\ytc_templates\opencartfree\so_ladaz\system\storage\modification\catalog\controller\extension\module\latest.php on line 107
2018-04-03 7:45:45 - PHP Notice:  Undefined variable: product_info in E:\xampp7\htdocs\ytc_templates\opencartfree\so_ladaz\system\storage\modification\catalog\controller\extension\module\latest.php on line 73
2018-04-03 7:45:45 - PHP Notice:  Undefined variable: product_info in E:\xampp7\htdocs\ytc_templates\opencartfree\so_ladaz\system\storage\modification\catalog\controller\extension\module\latest.php on line 81
2018-04-03 7:45:45 - PHP Notice:  Undefined variable: product_info in E:\xampp7\htdocs\ytc_templates\opencartfree\so_ladaz\system\storage\modification\catalog\controller\extension\module\latest.php on line 82
2018-04-03 7:45:45 - PHP Notice:  Undefined variable: product_info in E:\xampp7\htdocs\ytc_templates\opencartfree\so_ladaz\system\storage\modification\catalog\controller\extension\module\latest.php on line 85
2018-04-03 7:45:45 - PHP Notice:  Undefined variable: product_info in E:\xampp7\htdocs\ytc_templates\opencartfree\so_ladaz\system\storage\modification\catalog\controller\extension\module\latest.php on line 89
2018-04-03 7:45:45 - PHP Notice:  Undefined variable: product_info in E:\xampp7\htdocs\ytc_templates\opencartfree\so_ladaz\system\storage\modification\catalog\controller\extension\module\latest.php on line 94
2018-04-03 7:45:45 - PHP Notice:  Undefined variable: product_info in E:\xampp7\htdocs\ytc_templates\opencartfree\so_ladaz\system\storage\modification\catalog\controller\extension\module\latest.php on line 99
2018-04-03 7:45:45 - PHP Notice:  Undefined variable: product_info in E:\xampp7\htdocs\ytc_templates\opencartfree\so_ladaz\system\storage\modification\catalog\controller\extension\module\latest.php on line 103
2018-04-03 7:45:45 - PHP Notice:  Undefined variable: product_info in E:\xampp7\htdocs\ytc_templates\opencartfree\so_ladaz\system\storage\modification\catalog\controller\extension\module\latest.php on line 106
2018-04-03 7:45:45 - PHP Notice:  Undefined variable: product_info in E:\xampp7\htdocs\ytc_templates\opencartfree\so_ladaz\system\storage\modification\catalog\controller\extension\module\latest.php on line 107
2018-04-03 7:49:54 - PHP Notice:  Undefined variable: product_info in E:\xampp7\htdocs\ytc_templates\opencartfree\so_ladaz\system\storage\modification\catalog\controller\extension\module\latest.php on line 99
2018-04-03 7:49:54 - PHP Notice:  Undefined variable: product_info in E:\xampp7\htdocs\ytc_templates\opencartfree\so_ladaz\system\storage\modification\catalog\controller\extension\module\latest.php on line 103
2018-04-03 7:49:54 - PHP Notice:  Undefined variable: product_info in E:\xampp7\htdocs\ytc_templates\opencartfree\so_ladaz\system\storage\modification\catalog\controller\extension\module\latest.php on line 106
2018-04-03 7:49:54 - PHP Notice:  Undefined variable: product_info in E:\xampp7\htdocs\ytc_templates\opencartfree\so_ladaz\system\storage\modification\catalog\controller\extension\module\latest.php on line 107
2018-04-03 7:49:54 - PHP Notice:  Undefined variable: product_info in E:\xampp7\htdocs\ytc_templates\opencartfree\so_ladaz\system\storage\modification\catalog\controller\extension\module\latest.php on line 99
2018-04-03 7:49:54 - PHP Notice:  Undefined variable: product_info in E:\xampp7\htdocs\ytc_templates\opencartfree\so_ladaz\system\storage\modification\catalog\controller\extension\module\latest.php on line 103
2018-04-03 7:49:54 - PHP Notice:  Undefined variable: product_info in E:\xampp7\htdocs\ytc_templates\opencartfree\so_ladaz\system\storage\modification\catalog\controller\extension\module\latest.php on line 106
2018-04-03 7:49:54 - PHP Notice:  Undefined variable: product_info in E:\xampp7\htdocs\ytc_templates\opencartfree\so_ladaz\system\storage\modification\catalog\controller\extension\module\latest.php on line 107
2018-04-03 7:49:54 - PHP Notice:  Undefined variable: product_info in E:\xampp7\htdocs\ytc_templates\opencartfree\so_ladaz\system\storage\modification\catalog\controller\extension\module\latest.php on line 99
2018-04-03 7:49:54 - PHP Notice:  Undefined variable: product_info in E:\xampp7\htdocs\ytc_templates\opencartfree\so_ladaz\system\storage\modification\catalog\controller\extension\module\latest.php on line 103
2018-04-03 7:49:54 - PHP Notice:  Undefined variable: product_info in E:\xampp7\htdocs\ytc_templates\opencartfree\so_ladaz\system\storage\modification\catalog\controller\extension\module\latest.php on line 106
2018-04-03 7:49:54 - PHP Notice:  Undefined variable: product_info in E:\xampp7\htdocs\ytc_templates\opencartfree\so_ladaz\system\storage\modification\catalog\controller\extension\module\latest.php on line 107
2018-04-03 7:49:54 - PHP Notice:  Undefined variable: product_info in E:\xampp7\htdocs\ytc_templates\opencartfree\so_ladaz\system\storage\modification\catalog\controller\extension\module\latest.php on line 99
2018-04-03 7:49:54 - PHP Notice:  Undefined variable: product_info in E:\xampp7\htdocs\ytc_templates\opencartfree\so_ladaz\system\storage\modification\catalog\controller\extension\module\latest.php on line 103
2018-04-03 7:49:54 - PHP Notice:  Undefined variable: product_info in E:\xampp7\htdocs\ytc_templates\opencartfree\so_ladaz\system\storage\modification\catalog\controller\extension\module\latest.php on line 106
2018-04-03 7:49:54 - PHP Notice:  Undefined variable: product_info in E:\xampp7\htdocs\ytc_templates\opencartfree\so_ladaz\system\storage\modification\catalog\controller\extension\module\latest.php on line 107
2018-04-03 7:49:54 - PHP Notice:  Undefined variable: product_info in E:\xampp7\htdocs\ytc_templates\opencartfree\so_ladaz\system\storage\modification\catalog\controller\extension\module\latest.php on line 99
2018-04-03 7:49:54 - PHP Notice:  Undefined variable: product_info in E:\xampp7\htdocs\ytc_templates\opencartfree\so_ladaz\system\storage\modification\catalog\controller\extension\module\latest.php on line 103
2018-04-03 7:49:54 - PHP Notice:  Undefined variable: product_info in E:\xampp7\htdocs\ytc_templates\opencartfree\so_ladaz\system\storage\modification\catalog\controller\extension\module\latest.php on line 106
2018-04-03 7:49:54 - PHP Notice:  Undefined variable: product_info in E:\xampp7\htdocs\ytc_templates\opencartfree\so_ladaz\system\storage\modification\catalog\controller\extension\module\latest.php on line 107
2018-04-03 7:49:54 - PHP Notice:  Undefined variable: product_info in E:\xampp7\htdocs\ytc_templates\opencartfree\so_ladaz\system\storage\modification\catalog\controller\extension\module\latest.php on line 99
2018-04-03 7:49:54 - PHP Notice:  Undefined variable: product_info in E:\xampp7\htdocs\ytc_templates\opencartfree\so_ladaz\system\storage\modification\catalog\controller\extension\module\latest.php on line 103
2018-04-03 7:49:54 - PHP Notice:  Undefined variable: product_info in E:\xampp7\htdocs\ytc_templates\opencartfree\so_ladaz\system\storage\modification\catalog\controller\extension\module\latest.php on line 106
2018-04-03 7:49:54 - PHP Notice:  Undefined variable: product_info in E:\xampp7\htdocs\ytc_templates\opencartfree\so_ladaz\system\storage\modification\catalog\controller\extension\module\latest.php on line 107
2018-04-03 7:49:54 - PHP Notice:  Undefined variable: product_info in E:\xampp7\htdocs\ytc_templates\opencartfree\so_ladaz\system\storage\modification\catalog\controller\extension\module\latest.php on line 99
2018-04-03 7:49:54 - PHP Notice:  Undefined variable: product_info in E:\xampp7\htdocs\ytc_templates\opencartfree\so_ladaz\system\storage\modification\catalog\controller\extension\module\latest.php on line 103
2018-04-03 7:49:54 - PHP Notice:  Undefined variable: product_info in E:\xampp7\htdocs\ytc_templates\opencartfree\so_ladaz\system\storage\modification\catalog\controller\extension\module\latest.php on line 106
2018-04-03 7:49:54 - PHP Notice:  Undefined variable: product_info in E:\xampp7\htdocs\ytc_templates\opencartfree\so_ladaz\system\storage\modification\catalog\controller\extension\module\latest.php on line 107
2018-04-03 7:49:54 - PHP Notice:  Undefined variable: product_info in E:\xampp7\htdocs\ytc_templates\opencartfree\so_ladaz\system\storage\modification\catalog\controller\extension\module\latest.php on line 99
2018-04-03 7:49:54 - PHP Notice:  Undefined variable: product_info in E:\xampp7\htdocs\ytc_templates\opencartfree\so_ladaz\system\storage\modification\catalog\controller\extension\module\latest.php on line 103
2018-04-03 7:49:54 - PHP Notice:  Undefined variable: product_info in E:\xampp7\htdocs\ytc_templates\opencartfree\so_ladaz\system\storage\modification\catalog\controller\extension\module\latest.php on line 106
2018-04-03 7:49:54 - PHP Notice:  Undefined variable: product_info in E:\xampp7\htdocs\ytc_templates\opencartfree\so_ladaz\system\storage\modification\catalog\controller\extension\module\latest.php on line 107
2018-04-05 3:51:41 - PHP Warning:  unlink(E:/xampp7/htdocs/ytc_templates/opencartfree/so_ladaz/system/storage/cache/cache.catalog.language.1522903901): Permission denied in E:\xampp7\htdocs\ytc_templates\opencartfree\so_ladaz\system\library\cache\file.php on line 68
2018-04-05 4:21:51 - PHP Notice:  Use of undefined constant URL_TEMPLATE - assumed 'URL_TEMPLATE' in E:\xampp7\htdocs\ytc_templates\opencartfree\so_ladaz\admin\view\template\extension\soconfig\class\soconfig.php on line 550
2018-04-05 4:21:51 - PHP Notice:  Use of undefined constant URL_TEMPLATE - assumed 'URL_TEMPLATE' in E:\xampp7\htdocs\ytc_templates\opencartfree\so_ladaz\admin\view\template\extension\soconfig\class\soconfig.php on line 551
2018-04-05 4:21:51 - PHP Warning:  filemtime(): stat failed for URL_TEMPLATEso-emarket/sass/ie9-and-up.scss in E:\xampp7\htdocs\ytc_templates\opencartfree\so_ladaz\admin\view\template\extension\soconfig\class\soconfig.php on line 553
2018-04-05 4:21:51 - PHP Warning:  filemtime(): stat failed for URL_TEMPLATEso-emarket/css/ie9-and-up.css in E:\xampp7\htdocs\ytc_templates\opencartfree\so_ladaz\admin\view\template\extension\soconfig\class\soconfig.php on line 553
2018-04-05 4:21:51 - PHP Notice:  Use of undefined constant URL_TEMPLATE - assumed 'URL_TEMPLATE' in E:\xampp7\htdocs\ytc_templates\opencartfree\so_ladaz\admin\view\template\extension\soconfig\class\soconfig.php on line 550
2018-04-05 4:21:51 - PHP Notice:  Use of undefined constant URL_TEMPLATE - assumed 'URL_TEMPLATE' in E:\xampp7\htdocs\ytc_templates\opencartfree\so_ladaz\admin\view\template\extension\soconfig\class\soconfig.php on line 551
2018-04-05 4:21:51 - PHP Warning:  filemtime(): stat failed for URL_TEMPLATEso-emarket/sass/responsive.scss in E:\xampp7\htdocs\ytc_templates\opencartfree\so_ladaz\admin\view\template\extension\soconfig\class\soconfig.php on line 553
2018-04-05 4:21:51 - PHP Warning:  filemtime(): stat failed for URL_TEMPLATEso-emarket/css/responsive.css in E:\xampp7\htdocs\ytc_templates\opencartfree\so_ladaz\admin\view\template\extension\soconfig\class\soconfig.php on line 553
2018-04-05 4:21:51 - PHP Notice:  Use of undefined constant URL_TEMPLATE - assumed 'URL_TEMPLATE' in E:\xampp7\htdocs\ytc_templates\opencartfree\so_ladaz\admin\view\template\extension\soconfig\class\soconfig.php on line 550
2018-04-05 4:21:51 - PHP Notice:  Use of undefined constant URL_TEMPLATE - assumed 'URL_TEMPLATE' in E:\xampp7\htdocs\ytc_templates\opencartfree\so_ladaz\admin\view\template\extension\soconfig\class\soconfig.php on line 551
2018-04-05 4:21:51 - PHP Warning:  filemtime(): stat failed for URL_TEMPLATEso-emarket/sass/responsive/responsive-1200px-min.scss in E:\xampp7\htdocs\ytc_templates\opencartfree\so_ladaz\admin\view\template\extension\soconfig\class\soconfig.php on line 553
2018-04-05 4:21:51 - PHP Warning:  filemtime(): stat failed for URL_TEMPLATEso-emarket/css/responsive.css in E:\xampp7\htdocs\ytc_templates\opencartfree\so_ladaz\admin\view\template\extension\soconfig\class\soconfig.php on line 553
2018-04-05 4:21:51 - PHP Notice:  Use of undefined constant URL_TEMPLATE - assumed 'URL_TEMPLATE' in E:\xampp7\htdocs\ytc_templates\opencartfree\so_ladaz\admin\view\template\extension\soconfig\class\soconfig.php on line 550
2018-04-05 4:21:51 - PHP Notice:  Use of undefined constant URL_TEMPLATE - assumed 'URL_TEMPLATE' in E:\xampp7\htdocs\ytc_templates\opencartfree\so_ladaz\admin\view\template\extension\soconfig\class\soconfig.php on line 551
2018-04-05 4:21:51 - PHP Warning:  filemtime(): stat failed for URL_TEMPLATEso-emarket/sass/responsive/responsive-992px-1199px.scss in E:\xampp7\htdocs\ytc_templates\opencartfree\so_ladaz\admin\view\template\extension\soconfig\class\soconfig.php on line 553
2018-04-05 4:21:51 - PHP Warning:  filemtime(): stat failed for URL_TEMPLATEso-emarket/css/responsive.css in E:\xampp7\htdocs\ytc_templates\opencartfree\so_ladaz\admin\view\template\extension\soconfig\class\soconfig.php on line 553
2018-04-05 4:21:51 - PHP Notice:  Use of undefined constant URL_TEMPLATE - assumed 'URL_TEMPLATE' in E:\xampp7\htdocs\ytc_templates\opencartfree\so_ladaz\admin\view\template\extension\soconfig\class\soconfig.php on line 550
2018-04-05 4:21:51 - PHP Notice:  Use of undefined constant URL_TEMPLATE - assumed 'URL_TEMPLATE' in E:\xampp7\htdocs\ytc_templates\opencartfree\so_ladaz\admin\view\template\extension\soconfig\class\soconfig.php on line 551
2018-04-05 4:21:51 - PHP Warning:  filemtime(): stat failed for URL_TEMPLATEso-emarket/sass/responsive/responsive-768px-991px.scss in E:\xampp7\htdocs\ytc_templates\opencartfree\so_ladaz\admin\view\template\extension\soconfig\class\soconfig.php on line 553
2018-04-05 4:21:51 - PHP Warning:  filemtime(): stat failed for URL_TEMPLATEso-emarket/css/responsive.css in E:\xampp7\htdocs\ytc_templates\opencartfree\so_ladaz\admin\view\template\extension\soconfig\class\soconfig.php on line 553
2018-04-05 4:21:51 - PHP Notice:  Use of undefined constant URL_TEMPLATE - assumed 'URL_TEMPLATE' in E:\xampp7\htdocs\ytc_templates\opencartfree\so_ladaz\admin\view\template\extension\soconfig\class\soconfig.php on line 550
2018-04-05 4:21:51 - PHP Notice:  Use of undefined constant URL_TEMPLATE - assumed 'URL_TEMPLATE' in E:\xampp7\htdocs\ytc_templates\opencartfree\so_ladaz\admin\view\template\extension\soconfig\class\soconfig.php on line 551
2018-04-05 4:21:51 - PHP Warning:  filemtime(): stat failed for URL_TEMPLATEso-emarket/sass/responsive/responsive-767px-max.scss in E:\xampp7\htdocs\ytc_templates\opencartfree\so_ladaz\admin\view\template\extension\soconfig\class\soconfig.php on line 553
2018-04-05 4:21:51 - PHP Warning:  filemtime(): stat failed for URL_TEMPLATEso-emarket/css/responsive.css in E:\xampp7\htdocs\ytc_templates\opencartfree\so_ladaz\admin\view\template\extension\soconfig\class\soconfig.php on line 553
2018-04-05 4:21:51 - PHP Notice:  Use of undefined constant URL_TEMPLATE - assumed 'URL_TEMPLATE' in E:\xampp7\htdocs\ytc_templates\opencartfree\so_ladaz\admin\view\template\extension\soconfig\class\soconfig.php on line 550
2018-04-05 4:21:51 - PHP Notice:  Use of undefined constant URL_TEMPLATE - assumed 'URL_TEMPLATE' in E:\xampp7\htdocs\ytc_templates\opencartfree\so_ladaz\admin\view\template\extension\soconfig\class\soconfig.php on line 551
2018-04-05 4:21:51 - PHP Warning:  filemtime(): stat failed for URL_TEMPLATEso-emarket/sass/responsive/responsive-479px-max.scss in E:\xampp7\htdocs\ytc_templates\opencartfree\so_ladaz\admin\view\template\extension\soconfig\class\soconfig.php on line 553
2018-04-05 4:21:51 - PHP Warning:  filemtime(): stat failed for URL_TEMPLATEso-emarket/css/responsive.css in E:\xampp7\htdocs\ytc_templates\opencartfree\so_ladaz\admin\view\template\extension\soconfig\class\soconfig.php on line 553
2018-04-09 7:45:37 - PHP Warning:  rmdir(E:/xampp7/htdocs/ytc_templates/opencartfree/so_ladaz/system/storage/cache/so): Directory not empty in E:\xampp7\htdocs\ytc_templates\opencartfree\so_ladaz\admin\controller\common\developer.php on line 70
